c:\dev\youtube\opengl\opengl\opengl\debug\vc141.pdb
c:\dev\youtube\opengl\opengl\opengl\debug\vc141.idb
c:\dev\youtube\opengl\opengl\opengl\debug\vertexbuffer.obj
c:\dev\youtube\opengl\opengl\opengl\debug\vertexarray.obj
c:\dev\youtube\opengl\opengl\opengl\debug\texture.obj
c:\dev\youtube\opengl\opengl\opengl\debug\stb_image.obj
c:\dev\youtube\opengl\opengl\opengl\debug\imgui_impl_glfw_gl3.obj
c:\dev\youtube\opengl\opengl\opengl\debug\imgui_draw.obj
c:\dev\youtube\opengl\opengl\opengl\debug\imgui_demo.obj
c:\dev\youtube\opengl\opengl\opengl\debug\imgui.obj
c:\dev\youtube\opengl\opengl\opengl\debug\glm.obj
c:\dev\youtube\opengl\opengl\opengl\debug\shader.obj
c:\dev\youtube\opengl\opengl\opengl\debug\renderer.obj
c:\dev\youtube\opengl\opengl\opengl\debug\indexbuffer.obj
c:\dev\youtube\opengl\opengl\opengl\debug\application.obj
c:\dev\youtube\opengl\opengl\debug\opengl.exe
c:\dev\youtube\opengl\opengl\debug\opengl.ilk
c:\dev\youtube\opengl\opengl\debug\opengl.pdb
c:\dev\youtube\opengl\opengl\opengl\debug\opengl.tlog\cl.command.1.tlog
c:\dev\youtube\opengl\opengl\opengl\debug\opengl.tlog\cl.read.1.tlog
c:\dev\youtube\opengl\opengl\opengl\debug\opengl.tlog\cl.write.1.tlog
c:\dev\youtube\opengl\opengl\opengl\debug\opengl.tlog\link.command.1.tlog
c:\dev\youtube\opengl\opengl\opengl\debug\opengl.tlog\link.read.1.tlog
c:\dev\youtube\opengl\opengl\opengl\debug\opengl.tlog\link.write.1.tlog
