  main.cpp
g:\github\flightsimulator\flight_simulator-master\flight_simulator-master\opengl\main.cpp(25): warning C4305: 'initializing': truncation from 'double' to 'GLfloat'
g:\github\flightsimulator\flight_simulator-master\flight_simulator-master\opengl\main.cpp(26): warning C4305: 'initializing': truncation from 'double' to 'GLfloat'
g:\github\flightsimulator\flight_simulator-master\flight_simulator-master\opengl\main.cpp(27): warning C4305: 'initializing': truncation from 'double' to 'GLfloat'
g:\github\flightsimulator\flight_simulator-master\flight_simulator-master\opengl\main.cpp(28): warning C4305: 'initializing': truncation from 'double' to 'GLfloat'
g:\github\flightsimulator\flight_simulator-master\flight_simulator-master\opengl\main.cpp(29): warning C4305: 'initializing': truncation from 'double' to 'GLfloat'
g:\github\flightsimulator\flight_simulator-master\flight_simulator-master\opengl\main.cpp(30): warning C4305: 'initializing': truncation from 'double' to 'GLfloat'
g:\github\flightsimulator\flight_simulator-master\flight_simulator-master\opengl\main.cpp(31): warning C4305: 'initializing': truncation from 'double' to 'GLfloat'
g:\github\flightsimulator\flight_simulator-master\flight_simulator-master\opengl\main.cpp(32): warning C4305: 'initializing': truncation from 'double' to 'GLfloat'
g:\github\flightsimulator\flight_simulator-master\flight_simulator-master\opengl\main.cpp(33): warning C4305: 'initializing': truncation from 'double' to 'GLfloat'
g:\github\flightsimulator\flight_simulator-master\flight_simulator-master\opengl\main.cpp(34): warning C4305: 'initializing': truncation from 'double' to 'GLfloat'
g:\github\flightsimulator\flight_simulator-master\flight_simulator-master\opengl\main.cpp(35): warning C4305: 'initializing': truncation from 'double' to 'GLfloat'
g:\github\flightsimulator\flight_simulator-master\flight_simulator-master\opengl\main.cpp(36): warning C4305: 'initializing': truncation from 'double' to 'GLfloat'
g:\github\flightsimulator\flight_simulator-master\flight_simulator-master\opengl\main.cpp(38): warning C4305: 'initializing': truncation from 'double' to 'GLfloat'
g:\github\flightsimulator\flight_simulator-master\flight_simulator-master\opengl\main.cpp(39): warning C4305: 'initializing': truncation from 'double' to 'GLfloat'
g:\github\flightsimulator\flight_simulator-master\flight_simulator-master\opengl\main.cpp(40): warning C4305: 'initializing': truncation from 'double' to 'GLfloat'
g:\github\flightsimulator\flight_simulator-master\flight_simulator-master\opengl\main.cpp(41): warning C4305: 'initializing': truncation from 'double' to 'GLfloat'
g:\github\flightsimulator\flight_simulator-master\flight_simulator-master\opengl\main.cpp(42): warning C4305: 'initializing': truncation from 'double' to 'GLfloat'
g:\github\flightsimulator\flight_simulator-master\flight_simulator-master\opengl\main.cpp(46): warning C4305: 'initializing': truncation from 'double' to 'GLfloat'
g:\github\flightsimulator\flight_simulator-master\flight_simulator-master\opengl\main.cpp(73): warning C4305: 'initializing': truncation from 'double' to 'GLfloat'
g:\github\flightsimulator\flight_simulator-master\flight_simulator-master\opengl\main.cpp(102): warning C4305: 'initializing': truncation from 'double' to 'GLfloat'
g:\github\flightsimulator\flight_simulator-master\flight_simulator-master\opengl\main.cpp(124): warning C4244: '=': conversion from 'double' to 'float', possible loss of data
g:\github\flightsimulator\flight_simulator-master\flight_simulator-master\opengl\main.cpp(125): warning C4244: '=': conversion from 'double' to 'float', possible loss of data
g:\github\flightsimulator\flight_simulator-master\flight_simulator-master\opengl\main.cpp(130): warning C4244: '=': conversion from 'double' to 'float', possible loss of data
g:\github\flightsimulator\flight_simulator-master\flight_simulator-master\opengl\main.cpp(131): warning C4244: '=': conversion from 'double' to 'float', possible loss of data
g:\github\flightsimulator\flight_simulator-master\flight_simulator-master\opengl\main.cpp(132): warning C4244: '=': conversion from 'double' to 'float', possible loss of data
g:\github\flightsimulator\flight_simulator-master\flight_simulator-master\opengl\main.cpp(119): warning C4101: 'randomZ': unreferenced local variable
g:\github\flightsimulator\flight_simulator-master\flight_simulator-master\opengl\main.cpp(119): warning C4101: 'randomX': unreferenced local variable
g:\github\flightsimulator\flight_simulator-master\flight_simulator-master\opengl\main.cpp(153): warning C4244: '=': conversion from 'double' to 'float', possible loss of data
g:\github\flightsimulator\flight_simulator-master\flight_simulator-master\opengl\main.cpp(154): warning C4244: '=': conversion from 'double' to 'float', possible loss of data
g:\github\flightsimulator\flight_simulator-master\flight_simulator-master\opengl\main.cpp(155): warning C4244: '=': conversion from 'double' to 'float', possible loss of data
g:\github\flightsimulator\flight_simulator-master\flight_simulator-master\opengl\main.cpp(536): warning C4305: '+=': truncation from 'double' to 'GLfloat'
g:\github\flightsimulator\flight_simulator-master\flight_simulator-master\opengl\main.cpp(543): warning C4305: '+=': truncation from 'double' to 'GLfloat'
g:\github\flightsimulator\flight_simulator-master\flight_simulator-master\opengl\main.cpp(545): warning C4305: '-=': truncation from 'double' to 'GLfloat'
g:\github\flightsimulator\flight_simulator-master\flight_simulator-master\opengl\main.cpp(547): warning C4305: '=': truncation from 'double' to 'GLfloat'
g:\github\flightsimulator\flight_simulator-master\flight_simulator-master\opengl\main.cpp(572): warning C4305: '-=': truncation from 'double' to 'GLfloat'
g:\github\flightsimulator\flight_simulator-master\flight_simulator-master\opengl\main.cpp(583): warning C4305: '+=': truncation from 'double' to 'GLfloat'
g:\github\flightsimulator\flight_simulator-master\flight_simulator-master\opengl\main.cpp(680): warning C4244: 'argument': conversion from 'int' to 'GLfloat', possible loss of data
g:\github\flightsimulator\flight_simulator-master\flight_simulator-master\opengl\main.cpp(681): warning C4244: 'argument': conversion from 'int' to 'GLfloat', possible loss of data
g:\github\flightsimulator\flight_simulator-master\flight_simulator-master\opengl\main.cpp(687): warning C4244: 'argument': conversion from 'int' to 'GLfloat', possible loss of data
g:\github\flightsimulator\flight_simulator-master\flight_simulator-master\opengl\main.cpp(688): warning C4244: 'argument': conversion from 'int' to 'GLfloat', possible loss of data
g:\github\flightsimulator\flight_simulator-master\flight_simulator-master\opengl\main.cpp(863): warning C4305: 'argument': truncation from 'double' to 'GLfloat'
g:\github\flightsimulator\flight_simulator-master\flight_simulator-master\opengl\main.cpp(946): warning C4244: 'argument': conversion from 'double' to 'GLfloat', possible loss of data
g:\github\flightsimulator\flight_simulator-master\flight_simulator-master\opengl\main.cpp(990): warning C4244: '=': conversion from 'double' to 'float', possible loss of data
g:\github\flightsimulator\flight_simulator-master\flight_simulator-master\opengl\main.cpp(1037): warning C4244: 'initializing': conversion from 'GLdouble' to 'GLfloat', possible loss of data
g:\github\flightsimulator\flight_simulator-master\flight_simulator-master\opengl\main.cpp(1039): warning C4244: 'argument': conversion from 'double' to 'GLfloat', possible loss of data
g:\github\flightsimulator\flight_simulator-master\flight_simulator-master\opengl\main.cpp(1078): warning C4244: 'argument': conversion from 'double' to 'GLfloat', possible loss of data
g:\github\flightsimulator\flight_simulator-master\flight_simulator-master\opengl\main.cpp(1082): warning C4244: '=': conversion from 'double' to 'GLfloat', possible loss of data
g:\github\flightsimulator\flight_simulator-master\flight_simulator-master\opengl\main.cpp(1091): warning C4244: '=': conversion from 'double' to 'float', possible loss of data
g:\github\flightsimulator\flight_simulator-master\flight_simulator-master\opengl\main.cpp(1092): warning C4244: '=': conversion from 'double' to 'float', possible loss of data
g:\github\flightsimulator\flight_simulator-master\flight_simulator-master\opengl\main.cpp(1093): warning C4244: '=': conversion from 'double' to 'float', possible loss of data
g:\github\flightsimulator\flight_simulator-master\flight_simulator-master\opengl\main.cpp(1150): warning C4244: '=': conversion from 'double' to 'GLfloat', possible loss of data
g:\github\flightsimulator\flight_simulator-master\flight_simulator-master\opengl\main.cpp(1151): warning C4244: '=': conversion from 'double' to 'GLfloat', possible loss of data
g:\github\flightsimulator\flight_simulator-master\flight_simulator-master\opengl\main.cpp(1163): warning C4244: 'argument': conversion from 'double' to 'GLfloat', possible loss of data
g:\github\flightsimulator\flight_simulator-master\flight_simulator-master\opengl\main.cpp(1173): warning C4305: 'argument': truncation from 'double' to 'GLfloat'
g:\github\flightsimulator\flight_simulator-master\flight_simulator-master\opengl\main.cpp(1175): warning C4305: 'argument': truncation from 'double' to 'GLfloat'
g:\github\flightsimulator\flight_simulator-master\flight_simulator-master\opengl\main.cpp(1181): warning C4305: 'argument': truncation from 'double' to 'GLfloat'
g:\github\flightsimulator\flight_simulator-master\flight_simulator-master\opengl\main.cpp(1183): warning C4305: 'argument': truncation from 'double' to 'GLfloat'
g:\github\flightsimulator\flight_simulator-master\flight_simulator-master\opengl\main.cpp(1210): warning C4305: 'argument': truncation from 'double' to 'GLfloat'
g:\github\flightsimulator\flight_simulator-master\flight_simulator-master\opengl\main.cpp(1318): warning C4244: '=': conversion from 'int' to 'GLfloat', possible loss of data
g:\github\flightsimulator\flight_simulator-master\flight_simulator-master\opengl\main.cpp(1336): warning C4996: 'fopen': This function or variable may be unsafe. Consider using fopen_s instead. To disable deprecation, use _CRT_SECURE_NO_WARNINGS. See online help for details.
  c:\program files (x86)\windows kits\10\include\10.0.17134.0\ucrt\stdio.h(208): note: see declaration of 'fopen'
g:\github\flightsimulator\flight_simulator-master\flight_simulator-master\opengl\main.cpp(1337): warning C4996: 'fopen': This function or variable may be unsafe. Consider using fopen_s instead. To disable deprecation, use _CRT_SECURE_NO_WARNINGS. See online help for details.
  c:\program files (x86)\windows kits\10\include\10.0.17134.0\ucrt\stdio.h(208): note: see declaration of 'fopen'
g:\github\flightsimulator\flight_simulator-master\flight_simulator-master\opengl\main.cpp(1349): warning C4996: 'strtok': This function or variable may be unsafe. Consider using strtok_s instead. To disable deprecation, use _CRT_SECURE_NO_WARNINGS. See online help for details.
  c:\program files (x86)\windows kits\10\include\10.0.17134.0\ucrt\string.h(440): note: see declaration of 'strtok'
g:\github\flightsimulator\flight_simulator-master\flight_simulator-master\opengl\main.cpp(1430): warning C4996: 'strtok': This function or variable may be unsafe. Consider using strtok_s instead. To disable deprecation, use _CRT_SECURE_NO_WARNINGS. See online help for details.
  c:\program files (x86)\windows kits\10\include\10.0.17134.0\ucrt\string.h(440): note: see declaration of 'strtok'
g:\github\flightsimulator\flight_simulator-master\flight_simulator-master\opengl\main.cpp(1441): warning C4996: 'strtok': This function or variable may be unsafe. Consider using strtok_s instead. To disable deprecation, use _CRT_SECURE_NO_WARNINGS. See online help for details.
  c:\program files (x86)\windows kits\10\include\10.0.17134.0\ucrt\string.h(440): note: see declaration of 'strtok'
g:\github\flightsimulator\flight_simulator-master\flight_simulator-master\opengl\main.cpp(1523): warning C4996: 'strtok': This function or variable may be unsafe. Consider using strtok_s instead. To disable deprecation, use _CRT_SECURE_NO_WARNINGS. See online help for details.
  c:\program files (x86)\windows kits\10\include\10.0.17134.0\ucrt\string.h(440): note: see declaration of 'strtok'
g:\github\flightsimulator\flight_simulator-master\flight_simulator-master\opengl\main.cpp(1339): warning C4101: 'x1': unreferenced local variable
g:\github\flightsimulator\flight_simulator-master\flight_simulator-master\opengl\main.cpp(1694): warning C4477: 'fscanf' : format string '%c' requires an argument of type 'char *', but variadic argument 1 has type 'unsigned int *'
g:\github\flightsimulator\flight_simulator-master\flight_simulator-master\opengl\main.cpp(1694): warning C4477: 'fscanf' : format string '%c' requires an argument of type 'char *', but variadic argument 2 has type 'unsigned int *'
g:\github\flightsimulator\flight_simulator-master\flight_simulator-master\opengl\main.cpp(1694): warning C4477: 'fscanf' : format string '%c' requires an argument of type 'char *', but variadic argument 3 has type 'unsigned int *'
g:\github\flightsimulator\flight_simulator-master\flight_simulator-master\opengl\main.cpp(1670): warning C4996: 'fopen': This function or variable may be unsafe. Consider using fopen_s instead. To disable deprecation, use _CRT_SECURE_NO_WARNINGS. See online help for details.
  c:\program files (x86)\windows kits\10\include\10.0.17134.0\ucrt\stdio.h(208): note: see declaration of 'fopen'
g:\github\flightsimulator\flight_simulator-master\flight_simulator-master\opengl\main.cpp(1671): warning C4996: 'fscanf': This function or variable may be unsafe. Consider using fscanf_s instead. To disable deprecation, use _CRT_SECURE_NO_WARNINGS. See online help for details.
  c:\program files (x86)\windows kits\10\include\10.0.17134.0\ucrt\stdio.h(1197): note: see declaration of 'fscanf'
g:\github\flightsimulator\flight_simulator-master\flight_simulator-master\opengl\main.cpp(1676): warning C4996: 'fscanf': This function or variable may be unsafe. Consider using fscanf_s instead. To disable deprecation, use _CRT_SECURE_NO_WARNINGS. See online help for details.
  c:\program files (x86)\windows kits\10\include\10.0.17134.0\ucrt\stdio.h(1197): note: see declaration of 'fscanf'
g:\github\flightsimulator\flight_simulator-master\flight_simulator-master\opengl\main.cpp(1677): warning C4996: 'fscanf': This function or variable may be unsafe. Consider using fscanf_s instead. To disable deprecation, use _CRT_SECURE_NO_WARNINGS. See online help for details.
  c:\program files (x86)\windows kits\10\include\10.0.17134.0\ucrt\stdio.h(1197): note: see declaration of 'fscanf'
g:\github\flightsimulator\flight_simulator-master\flight_simulator-master\opengl\main.cpp(1678): warning C4996: 'fscanf': This function or variable may be unsafe. Consider using fscanf_s instead. To disable deprecation, use _CRT_SECURE_NO_WARNINGS. See online help for details.
  c:\program files (x86)\windows kits\10\include\10.0.17134.0\ucrt\stdio.h(1197): note: see declaration of 'fscanf'
g:\github\flightsimulator\flight_simulator-master\flight_simulator-master\opengl\main.cpp(1688): warning C4996: 'fscanf': This function or variable may be unsafe. Consider using fscanf_s instead. To disable deprecation, use _CRT_SECURE_NO_WARNINGS. See online help for details.
  c:\program files (x86)\windows kits\10\include\10.0.17134.0\ucrt\stdio.h(1197): note: see declaration of 'fscanf'
g:\github\flightsimulator\flight_simulator-master\flight_simulator-master\opengl\main.cpp(1694): warning C4996: 'fscanf': This function or variable may be unsafe. Consider using fscanf_s instead. To disable deprecation, use _CRT_SECURE_NO_WARNINGS. See online help for details.
  c:\program files (x86)\windows kits\10\include\10.0.17134.0\ucrt\stdio.h(1197): note: see declaration of 'fscanf'
  OpenGL.vcxproj -> G:\github\flightsimulator\Flight_Simulator-master\Flight_Simulator-master\Debug\OpenGL.exe
